# JRE version: Java(TM) SE Runtime Environment (16.0.1+9) (build 16.0.1+9-24)
# Java VM: Java HotSpot(TM) 64-Bit Server VM (16.0.1+9-24, mixed mode, sharing, tiered, compressed oops, compressed class ptrs, g1 gc, windows-amd64)
GC Precious Log:
 CPUs: 4 total, 4 available
 Memory: 8060M
 Large Page Support: Disabled
 NUMA Support: Disabled
 Compressed Oops: Enabled (32-bit)
 Heap Region Size: 1M
 Heap Min Capacity: 8M
 Heap Initial Capacity: 126M
 Heap Max Capacity: 2016M
 Pre-touch: Disabled
 Parallel Workers: 4
 Concurrent Workers: 1
 Concurrent Refinement Workers: 4
 Periodic GC: Disabled
Heap:
 garbage-first heap   total 144384K, used 70433K [0x0000000082000000, 0x0000000100000000)
  region size 1024K, 43 young (44032K), 7 survivors (7168K)
 Metaspace       used 57386K, committed 57984K, reserved 1105920K
  class space    used 7990K, committed 8256K, reserved 1048576K
GC Heap History (20 events):
Event: 5.660 GC heap before
{Heap before GC invocations=9 (full 0):
 garbage-first heap   total 72704K, used 53220K [0x0000000082000000, 0x0000000100000000)
  region size 1024K, 36 young (36864K), 2 survivors (2048K)
 Metaspace       used 26628K, committed 26944K, reserved 1073152K
  class space    used 3673K, committed 3840K, reserved 1048576K
}
Event: 5.664 GC heap after
{Heap after GC invocations=10 (full 0):
 garbage-first heap   total 72704K, used 19379K [0x0000000082000000, 0x0000000100000000)
  region size 1024K, 2 young (2048K), 2 survivors (2048K)
 Metaspace       used 26628K, committed 26944K, reserved 1073152K
  class space    used 3673K, committed 3840K, reserved 1048576K
}
Event: 5.672 GC heap before
{Heap before GC invocations=10 (full 0):
 garbage-first heap   total 72704K, used 55219K [0x0000000082000000, 0x0000000100000000)
  region size 1024K, 38 young (38912K), 2 survivors (2048K)
 Metaspace       used 26645K, committed 27008K, reserved 1073152K
  class space    used 3674K, committed 3840K, reserved 1048576K
}
Event: 5.675 GC heap after
{Heap after GC invocations=11 (full 0):
 garbage-first heap   total 72704K, used 19196K [0x0000000082000000, 0x0000000100000000)
  region size 1024K, 2 young (2048K), 2 survivors (2048K)
 Metaspace       used 26645K, committed 27008K, reserved 1073152K
  class space    used 3674K, committed 3840K, reserved 1048576K
}
Event: 6.529 GC heap before
{Heap before GC invocations=11 (full 0):
 garbage-first heap   total 72704K, used 57084K [0x0000000082000000, 0x0000000100000000)
  region size 1024K, 39 young (39936K), 2 survivors (2048K)
 Metaspace       used 32514K, committed 32896K, reserved 1081344K
  class space    used 4434K, committed 4608K, reserved 1048576K
}
Event: 6.535 GC heap after
{Heap after GC invocations=12 (full 0):
 garbage-first heap   total 72704K, used 21204K [0x0000000082000000, 0x0000000100000000)
  region size 1024K, 4 young (4096K), 4 survivors (4096K)
 Metaspace       used 32514K, committed 32896K, reserved 1081344K
  class space    used 4434K, committed 4608K, reserved 1048576K
}
Event: 6.932 GC heap before
{Heap before GC invocations=12 (full 0):
 garbage-first heap   total 72704K, used 31444K [0x0000000082000000, 0x0000000100000000)
  region size 1024K, 15 young (15360K), 4 survivors (4096K)
 Metaspace       used 35232K, committed 35520K, reserved 1081344K
  class space    used 4859K, committed 4992K, reserved 1048576K
}
Event: 6.939 GC heap after
{Heap after GC invocations=13 (full 0):
 garbage-first heap   total 72704K, used 22012K [0x0000000082000000, 0x0000000100000000)
  region size 1024K, 4 young (4096K), 4 survivors (4096K)
 Metaspace       used 35232K, committed 35520K, reserved 1081344K
  class space    used 4859K, committed 4992K, reserved 1048576K
}
Event: 7.681 GC heap before
{Heap before GC invocations=14 (full 0):
 garbage-first heap   total 72704K, used 56828K [0x0000000082000000, 0x0000000100000000)
  region size 1024K, 38 young (38912K), 4 survivors (4096K)
 Metaspace       used 40700K, committed 41088K, reserved 1089536K
  class space    used 5703K, committed 5888K, reserved 1048576K
}
Event: 7.689 GC heap after
{Heap after GC invocations=15 (full 0):
 garbage-first heap   total 72704K, used 24078K [0x0000000082000000, 0x0000000100000000)
  region size 1024K, 3 young (3072K), 3 survivors (3072K)
 Metaspace       used 40700K, committed 41088K, reserved 1089536K
  class space    used 5703K, committed 5888K, reserved 1048576K
}
Event: 8.780 GC heap before
{Heap before GC invocations=16 (full 0):
 garbage-first heap   total 72704K, used 57870K [0x0000000082000000, 0x0000000100000000)
  region size 1024K, 36 young (36864K), 3 survivors (3072K)
 Metaspace       used 44990K, committed 45440K, reserved 1089536K
  class space    used 6313K, committed 6528K, reserved 1048576K
}
Event: 8.788 GC heap after
{Heap after GC invocations=17 (full 0):
 garbage-first heap   total 72704K, used 26172K [0x0000000082000000, 0x0000000100000000)
  region size 1024K, 4 young (4096K), 4 survivors (4096K)
 Metaspace       used 44990K, committed 45440K, reserved 1089536K
  class space    used 6313K, committed 6528K, reserved 1048576K
}
Event: 9.214 GC heap before
{Heap before GC invocations=17 (full 0):
 garbage-first heap   total 72704K, used 57916K [0x0000000082000000, 0x0000000100000000)
  region size 1024K, 35 young (35840K), 4 survivors (4096K)
 Metaspace       used 46980K, committed 47424K, reserved 1097728K
  class space    used 6556K, committed 6784K, reserved 1048576K
}
Event: 9.222 GC heap after
{Heap after GC invocations=18 (full 0):
 garbage-first heap   total 72704K, used 28133K [0x0000000082000000, 0x0000000100000000)
  region size 1024K, 5 young (5120K), 5 survivors (5120K)
 Metaspace       used 46980K, committed 47424K, reserved 1097728K
  class space    used 6556K, committed 6784K, reserved 1048576K
}
Event: 9.401 GC heap before
{Heap before GC invocations=18 (full 0):
 garbage-first heap   total 72704K, used 56805K [0x0000000082000000, 0x0000000100000000)
  region size 1024K, 33 young (33792K), 5 survivors (5120K)
 Metaspace       used 47293K, committed 47680K, reserved 1097728K
  class space    used 6587K, committed 6784K, reserved 1048576K
}
Event: 9.409 GC heap after
{Heap after GC invocations=19 (full 0):
 garbage-first heap   total 144384K, used 28857K [0x0000000082000000, 0x0000000100000000)
  region size 1024K, 3 young (3072K), 3 survivors (3072K)
 Metaspace       used 47293K, committed 47680K, reserved 1097728K
  class space    used 6587K, committed 6784K, reserved 1048576K
}
Event: 10.588 GC heap before
{Heap before GC invocations=19 (full 0):
 garbage-first heap   total 144384K, used 111801K [0x0000000082000000, 0x0000000100000000)
  region size 1024K, 84 young (86016K), 3 survivors (3072K)
 Metaspace       used 51818K, committed 52352K, reserved 1097728K
  class space    used 7209K, committed 7488K, reserved 1048576K
}
Event: 10.599 GC heap after
{Heap after GC invocations=20 (full 0):
 garbage-first heap   total 144384K, used 33775K [0x0000000082000000, 0x0000000100000000)
  region size 1024K, 8 young (8192K), 8 survivors (8192K)
 Metaspace       used 51818K, committed 52352K, reserved 1097728K
  class space    used 7209K, committed 7488K, reserved 1048576K
}
Event: 340.820 GC heap before
{Heap before GC invocations=20 (full 0):
 garbage-first heap   total 144384K, used 111599K [0x0000000082000000, 0x0000000100000000)
  region size 1024K, 84 young (86016K), 8 survivors (8192K)
 Metaspace       used 53733K, committed 54208K, reserved 1097728K
  class space    used 7495K, committed 7744K, reserved 1048576K
}
Event: 340.832 GC heap after
{Heap after GC invocations=21 (full 0):
 garbage-first heap   total 144384K, used 34593K [0x0000000082000000, 0x0000000100000000)
  region size 1024K, 7 young (7168K), 7 survivors (7168K)
 Metaspace       used 53733K, committed 54208K, reserved 1097728K
  class space    used 7495K, committed 7744K, reserved 1048576K
}

